<?xml version="1.0" encoding="UTF-8"?>
<testsuite name="CuisineTest" tests="1" skipped="0" failures="0" errors="0" timestamp="2015-08-26T18:41:48" hostname="epicodus-109.local" time="0.077">
  <properties/>
  <testcase name="getType_returnsType" classname="CuisineTest" time="0.077"/>
  <system-out><![CDATA[]]></system-out>
  <system-err><![CDATA[]]></system-err>
</testsuite>
