<?xml version="1.0" encoding="UTF-8"?>
<testsuite name="CuisineTest" tests="5" skipped="0" failures="0" errors="0" timestamp="2015-08-27T22:09:58" hostname="epicodus-103.local" time="0.08">
  <properties/>
  <testcase name="getType_returnsType" classname="CuisineTest" time="0.005"/>
  <testcase name="all_emptyAtFirst" classname="CuisineTest" time="0.032"/>
  <testcase name="getId_returnsCorrectId" classname="CuisineTest" time="0.018"/>
  <testcase name="equals_returnTrueIfTypesMatch" classname="CuisineTest" time="0.005"/>
  <testcase name="update_Cuisine" classname="CuisineTest" time="0.018"/>
  <system-out><![CDATA[]]></system-out>
  <system-err><![CDATA[]]></system-err>
</testsuite>
