<?xml version="1.0" encoding="UTF-8"?>
<testsuite name="RestaurantTest" tests="6" skipped="0" failures="0" errors="0" timestamp="2015-08-26T23:08:44" hostname="epicodus-109.local" time="0.059">
  <properties/>
  <testcase name="all_returnsSavedObjects" classname="RestaurantTest" time="0.02"/>
  <testcase name="getArea_returnsCorrectArea" classname="RestaurantTest" time="0.006"/>
  <testcase name="getName_returnsRestaurantName_503Burgers" classname="RestaurantTest" time="0.007"/>
  <testcase name="getcuisine_id_returnsCorrectId" classname="RestaurantTest" time="0.008"/>
  <testcase name="getdog_friendly_returnsTrue" classname="RestaurantTest" time="0.006"/>
  <testcase name="all_emptyAtFirst" classname="RestaurantTest" time="0.012"/>
  <system-out><![CDATA[]]></system-out>
  <system-err><![CDATA[]]></system-err>
</testsuite>
